<?xml version="1.0" encoding="UTF-8"?>
<!-- Generated by org.testng.reporters.JUnitXMLReporter -->
<testsuite ignored="0" hostname="Gaurav" failures="0" tests="6" name="Test" time="14.316" errors="0" timestamp="2024-06-20T17:26:50 IST">
  <testcase classname="testlayer.Logintest" name="validateloginfunctionality" time="3.717"/>
  <testcase classname="testlayer.AddToCartTest" name="validateAddToCartfunctionality" time="4.445"/>
  <testcase classname="testlayer.AddToCartTest" name="validateclickaddtocartfunctionality" time="0.161"/>
  <testcase classname="testlayer.AddToCartTest" name="validateclickCheckoutfunctionality" time="0.172"/>
  <testcase classname="testlayer.PersonalTest" name="validatepersonalfunctionality" time="0.655"/>
  <testcase classname="testlayer.FinishTest" name="validatefinishfunctionality" time="0.147"/>
</testsuite> <!-- Test -->
