<?xml version="1.0" encoding="UTF-8"?>
<testng-results ignored="0" total="6" passed="6" failed="0" skipped="0">
  <reporter-output>
  </reporter-output>
  <suite started-at="2024-06-20T17:26:36 IST" name="Suite" finished-at="2024-06-20T17:26:50 IST" duration-ms="14316">
    <groups>
    </groups>
    <test started-at="2024-06-20T17:26:36 IST" name="Test" finished-at="2024-06-20T17:26:50 IST" duration-ms="14316">
      <class name="testlayer.PersonalTest">
        <test-method signature="validatepersonalfunctionality()[pri:0, instance:testlayer.PersonalTest@26e356f0]" started-at="2024-06-20T17:26:50 IST" name="validatepersonalfunctionality" finished-at="2024-06-20T17:26:50 IST" duration-ms="655" status="PASS">
          <reporter-output>
          </reporter-output>
        </test-method> <!-- validatepersonalfunctionality -->
      </class> <!-- testlayer.PersonalTest -->
      <class name="testlayer.Logintest">
        <test-method is-config="true" signature="setup()[pri:0, instance:testlayer.Logintest@71a8adcf]" started-at="2024-06-20T17:26:36 IST" name="setup" finished-at="2024-06-20T17:26:41 IST" duration-ms="4933" status="PASS">
          <reporter-output>
          </reporter-output>
        </test-method> <!-- setup -->
        <test-method signature="validateloginfunctionality()[pri:0, instance:testlayer.Logintest@71a8adcf]" started-at="2024-06-20T17:26:41 IST" name="validateloginfunctionality" finished-at="2024-06-20T17:26:45 IST" duration-ms="3717" status="PASS">
          <reporter-output>
          </reporter-output>
        </test-method> <!-- validateloginfunctionality -->
      </class> <!-- testlayer.Logintest -->
      <class name="testlayer.AddToCartTest">
        <test-method signature="validateAddToCartfunctionality()[pri:1, instance:testlayer.AddToCartTest@54a7079e]" started-at="2024-06-20T17:26:45 IST" name="validateAddToCartfunctionality" finished-at="2024-06-20T17:26:49 IST" duration-ms="4445" status="PASS">
          <reporter-output>
          </reporter-output>
        </test-method> <!-- validateAddToCartfunctionality -->
        <test-method signature="validateclickaddtocartfunctionality()[pri:2, instance:testlayer.AddToCartTest@54a7079e]" started-at="2024-06-20T17:26:49 IST" name="validateclickaddtocartfunctionality" finished-at="2024-06-20T17:26:49 IST" duration-ms="161" status="PASS">
          <reporter-output>
          </reporter-output>
        </test-method> <!-- validateclickaddtocartfunctionality -->
        <test-method signature="validateclickCheckoutfunctionality()[pri:3, instance:testlayer.AddToCartTest@54a7079e]" started-at="2024-06-20T17:26:49 IST" name="validateclickCheckoutfunctionality" finished-at="2024-06-20T17:26:50 IST" duration-ms="172" status="PASS">
          <reporter-output>
          </reporter-output>
        </test-method> <!-- validateclickCheckoutfunctionality -->
      </class> <!-- testlayer.AddToCartTest -->
      <class name="testlayer.FinishTest">
        <test-method signature="validatefinishfunctionality()[pri:0, instance:testlayer.FinishTest@47d9a273]" started-at="2024-06-20T17:26:50 IST" name="validatefinishfunctionality" finished-at="2024-06-20T17:26:50 IST" duration-ms="147" status="PASS">
          <reporter-output>
          </reporter-output>
        </test-method> <!-- validatefinishfunctionality -->
      </class> <!-- testlayer.FinishTest -->
    </test> <!-- Test -->
  </suite> <!-- Suite -->
</testng-results>
